<?xml version="1.0" encoding="UTF-8" ?>
<testsuite failures="0" time="0" errors="0" skipped="0" tests="0" name="runner.RunCukesTest">
  <properties>
    <property name="PROCESSOR_ARCHITECTURE" value="x86"/>
    <property name="file.encoding.pkg" value="sun.io"/>
    <property name="LOGONSERVER" value="\\CSCDC8SYD002"/>
    <property name="ProgramData" value="C:\ProgramData"/>
    <property name="java.home" value="C:\Program Files\Java\jdk1.7.0_75\jre"/>
    <property name="NODE_NAME" value="master"/>
    <property name="JENKINS_URL" value="http://jenkins_imran/"/>
    <property name="PLMVIS_82_LIBPATH" value="C:\Program Files\SAP\FrontEnd\SAPgui\Program"/>
    <property name="ALLUSERSPROFILE" value="C:\ProgramData"/>
    <property name="java.endorsed.dirs" value="C:\Program Files\Java\jdk1.7.0_75\jre\lib\endorsed"/>
    <property name="PSModulePath" value="C:\Windows\system32\WindowsPowerShell\v1.0\Modules\;C:\Program Files\AutoIt3\AutoItX"/>
    <property name="=::" value="::\"/>
    <property name="USERDOMAIN" value="ASIAPAC"/>
    <property name="sun.os.patch.level" value="Service Pack 1"/>
    <property name="java.vendor.url" value="http://java.oracle.com/"/>
    <property name="java.version" value="1.7.0_75"/>
    <property name="JOB_NAME" value="cucumberframework"/>
    <property name="COMPUTERNAME" value="CSCINDAE517148"/>
    <property name="MSJAVA_ENABLE_MONITORS" value="1"/>
    <property name="windows_tracing_logfile" value="C:\BVTBin\Tests\installpackage\csilogfile.log"/>
    <property name="java.vendor.url.bug" value="http://bugreport.sun.com/bugreport/"/>
    <property name="PUBLIC" value="C:\Users\Public"/>
    <property name="user.name" value="mimran7"/>
    <property name="sun.io.unicode.encoding" value="UnicodeLittle"/>
    <property name="sun.jnu.encoding" value="Cp1252"/>
    <property name="java.runtime.name" value="Java(TM) SE Runtime Environment"/>
    <property name="windir" value="C:\Windows"/>
    <property name="PROCESSOR_IDENTIFIER" value="x86 Family 6 Model 60 Stepping 3, GenuineIntel"/>
    <property name="java.specification.name" value="Java Platform API Specification"/>
    <property name="LOCALAPPDATA" value="C:\Users\mimran7.ASIAPAC\AppData\Local"/>
    <property name="user.timezone" value="Asia/Calcutta"/>
    <property name="user.script" value=""/>
    <property name="path.separator" value=";"/>
    <property name="NUMBER_OF_PROCESSORS" value="4"/>
    <property name="BUILD_TAG" value="jenkins-cucumberframework-7"/>
    <property name="windows_tracing_flags" value="3"/>
    <property name="file.encoding" value="Cp1252"/>
    <property name="LOG_FILE" value="C:\Users\mimran7\AppData\Local\Temp\\ihp_custom_batches.log"/>
    <property name="sun.java.command" value="jenkins.maven3.agent.Maven31Main C:\Users\mimran7.ASIAPAC\.jenkins\tools\hudson.tasks.Maven_MavenInstallation\MAVEN_HOME C:\Users\mimran7.ASIAPAC\.jenkins\war\WEB-INF\lib\remoting-3.2.jar C:\Users\mimran7.ASIAPAC\.jenkins\plugins\maven-plugin\WEB-INF\lib\maven31-interceptor-1.5.jar C:\Users\mimran7.ASIAPAC\.jenkins\plugins\maven-plugin\WEB-INF\lib\maven3-interceptor-commons-1.5.jar 36992"/>
    <property name="HUDSON_URL" value="http://jenkins_imran/"/>
    <property name="JENKINS_SERVER_COOKIE" value="0e95ce662c08ecb9"/>
    <property name="EXECUTOR_NUMBER" value="0"/>
    <property name="Path" value="C:\Program Files\Java\jdk1.7.0_75/bin;C:\Windows\system32;C:\Windows;C:\Windows\System32\Wbem;C:\Windows\System32\WindowsPowerShell\v1.0\;C:\Program Files\CheckPoint\File Encryption\Program\;C:\Program Files\Java\jdk1.7.0_75\bin;C:\Ruby23\bin;C:\Users\mimran7.ASIAPAC\Desktop\chromedriver_win32;C:\Users\mimran7.ASIAPAC\Desktop\apache-maven-3.3.9\bin;C:\Program Files\Skype\Phone\;C:\Program Files\Java\jdk1.8.0_121\bin;C:\Ruby23\bin;C:\Program Files\Microsoft Office\Root\Office16\;C:\Windows\system32;C:\Windows;C:\Windows\System32\Wbem;C:\Windows\System32\WindowsPowerShell\v1.0\;C:\Program Files\CheckPoint\File Encryption\Program\;C:\Program Files\Java\jdk1.7.0_75\bin;C:\Users\mimran7.ASIAPAC\Desktop\chromedriver_win32;C:\Users\mimran7.ASIAPAC\Desktop\apache-maven-3.3.9\bin;C:\Program Files\Skype\Phone\;C:\Windows\system32;C:\Windows;C:\Windows\System32\Wbem;C:\Windows\System32\WindowsPowerShell\v1.0\;C:\Program Files\CheckPoint\File Encryption\Program\;C:\Program Files\Java\jdk1.7.0_75\bin;C:\Users\mimran7.ASIAPAC\Desktop\chromedriver_win32;C:\Users\mimran7.ASIAPAC\Desktop\apache-maven-3.3.9\bin;C:\Program Files\Skype\Phone\;C:\Windows\system32;C:\Windows;C:\Windows\System32\Wbem;C:\Windows\System32\WindowsPowerShell\v1.0\;C:\Program Files\CheckPoint\File Encryption\Program\;C:\Program Files\Java\jdk1.7.0_75\bin;C:\Users\mimran7.ASIAPAC\Desktop\chromedriver_win32;C:\Users\mimran7.ASIAPAC\Desktop\apache-maven-;C:\Program Files\Java\jdk1.8.0_121\bin"/>
    <property name="java.io.tmpdir" value="C:\Users\MIMRAN~1.ASI\AppData\Local\Temp\"/>
    <property name="APPDATA" value="C:\Users\mimran7.ASIAPAC\AppData\Roaming"/>
    <property name="DEFLOGDIR" value="C:\ProgramData\McAfee\DesktopProtection"/>
    <property name="user.language" value="en"/>
    <property name="_classload_hook" value="jvmhook"/>
    <property name="line.separator" value="
"/>
    <property name="BUILD_URL" value="http://jenkins_imran/job/cucumberframework/7/"/>
    <property name="IBM_JAVA_OPTIONS" value="-Xrunjvmhook -Xbootclasspath/a:&quot;C:\Program Files\HP\Unified Functional Testing\bin\java_shared\classes;C:\Program Files\HP\Unified Functional Testing\bin\java_shared\classes\jasmine.jar&quot;"/>
    <property name="M2_HOME" value="C:\Users\mimran7.ASIAPAC\.jenkins\tools\hudson.tasks.Maven_MavenInstallation\MAVEN_HOME"/>
    <property name="=C:" value="C:\Users\mimran7.ASIAPAC\Desktop"/>
    <property name="java.vm.info" value="mixed mode, sharing"/>
    <property name="sun.desktop" value="windows"/>
    <property name="java.vm.specification.name" value="Java Virtual Machine Specification"/>
    <property name="BUILD_DISPLAY_NAME" value="#7"/>
    <property name="OS" value="Windows_NT"/>
    <property name="ANSICON" value="80x300 (80x25)"/>
    <property name="guice.disable.misplaced.annotation.check" value="true"/>
    <property name="HUDSON_SERVER_COOKIE" value="0e95ce662c08ecb9"/>
    <property name="MAVEN_HOME" value="C:\Users\mimran7.ASIAPAC\.jenkins\tools\hudson.tasks.Maven_MavenInstallation\MAVEN_HOME"/>
    <property name="SESSIONNAME" value="Console"/>
    <property name="PATHEXT" value=".COM;.EXE;.BAT;.CMD;.VBS;.VBE;.JS;.JSE;.WSF;.WSH;.MSC;.RB;.RBW"/>
    <property name="java.awt.printerjob" value="sun.awt.windows.WPrinterJob"/>
    <property name="maven3.interceptor.common" value="C:\Users\mimran7.ASIAPAC\.jenkins\plugins\maven-plugin\WEB-INF\lib\maven3-interceptor-commons-1.5.jar"/>
    <property name="CLASSPATH" value=""/>
    <property name="SOESystemPartitionLabel" value="CSCESOE"/>
    <property name="ANALYSIS_PATH" value="C:\Program Files\HP\Analysis\"/>
    <property name="ST_INSTALL_PATH" value="C:\Program Files\HP\Unified Functional Testing\"/>
    <property name="TCVIS_ENABLE_AERO" value="True"/>
    <property name="HOMEPATH" value="\Users\mimran7.ASIAPAC"/>
    <property name="os.name" value="Windows 7"/>
    <property name="java.specification.vendor" value="Oracle Corporation"/>
    <property name="FP_NO_HOST_CHECK" value="NO"/>
    <property name="java.vm.name" value="Java HotSpot(TM) Client VM"/>
    <property name="BUILD_NUMBER" value="7"/>
    <property name="maven3.interceptor" value="C:\Users\mimran7.ASIAPAC\.jenkins\plugins\maven-plugin\WEB-INF\lib\maven31-interceptor-1.5.jar"/>
    <property name="java.library.path" value="C:\Program Files\Java\jdk1.7.0_75\bin;C:\Windows\Sun\Java\bin;C:\Windows\system32;C:\Windows;C:\Users\mimran7.ASIAPAC\.jenkins\tools\hudson.tasks.Maven_MavenInstallation\MAVEN_HOME/bin;C:\Program Files\Java\jdk1.7.0_75/bin;C:\Program Files\Java\jdk1.7.0_75/bin;C:\Windows\system32;C:\Windows;C:\Windows\System32\Wbem;C:\Windows\System32\WindowsPowerShell\v1.0\;C:\Program Files\CheckPoint\File Encryption\Program\;C:\Program Files\Java\jdk1.7.0_75\bin;C:\Ruby23\bin;C:\Users\mimran7.ASIAPAC\Desktop\chromedriver_win32;C:\Users\mimran7.ASIAPAC\Desktop\apache-maven-3.3.9\bin;C:\Program Files\Skype\Phone\;C:\Program Files\Java\jdk1.8.0_121\bin;C:\Ruby23\bin;C:\Program Files\Microsoft Office\Root\Office16\;C:\Windows\system32;C:\Windows;C:\Windows\System32\Wbem;C:\Windows\System32\WindowsPowerShell\v1.0\;C:\Program Files\CheckPoint\File Encryption\Program\;C:\Program Files\Java\jdk1.7.0_75\bin;C:\Users\mimran7.ASIAPAC\Desktop\chromedriver_win32;C:\Users\mimran7.ASIAPAC\Desktop\apache-maven-3.3.9\bin;C:\Program Files\Skype\Phone\;C:\Windows\system32;C:\Windows;C:\Windows\System32\Wbem;C:\Windows\System32\WindowsPowerShell\v1.0\;C:\Program Files\CheckPoint\File Encryption\Program\;C:\Program Files\Java\jdk1.7.0_75\bin;C:\Users\mimran7.ASIAPAC\Desktop\chromedriver_win32;C:\Users\mimran7.ASIAPAC\Desktop\apache-maven-3.3.9\bin;C:\Program Files\Skype\Phone\;C:\Windows\system32;C:\Windows;C:\Windows\System32\Wbem;C:\Windows\System32\WindowsPowerShell\v1.0\;C:\Program Files\CheckPoint\File Encryption\Program\;C:\Program Files\Java\jdk1.7.0_75\bin;C:\Users\mimran7.ASIAPAC\Desktop\chromedriver_win32;C:\Users\mimran7.ASIAPAC\Desktop\apache-maven-;C:\Program Files\Java\jdk1.8.0_121\bin;."/>
    <property name="HOMEDRIVE" value="C:"/>
    <property name="POM_GROUPID" value="Excel_testdata"/>
    <property name="POM_ARTIFACTID" value="Excel_testdata"/>
    <property name="QT_USE_NATIVE_WINDOWS" value="1"/>
    <property name="java.class.version" value="51.0"/>
    <property name="JOB_URL" value="http://jenkins_imran/job/cucumberframework/"/>
    <property name="OneDrive" value="C:\Users\mimran7.ASIAPAC\OneDrive"/>
    <property name="JENKINS_HOME" value="C:\Users\mimran7.ASIAPAC\.jenkins"/>
    <property name="BUILD_ID" value="7"/>
    <property name="TEMP" value="C:\Users\MIMRAN~1.ASI\AppData\Local\Temp"/>
    <property name="sun.boot.library.path" value="C:\Program Files\Java\jdk1.7.0_75\jre\bin"/>
    <property name="VUGEN_PATH" value="C:\Program Files\HP\Virtual User Generator\"/>
    <property name="SOEDesktopAdminModel" value="User"/>
    <property name="sun.management.compiler" value="HotSpot Client Compiler"/>
    <property name="java.awt.graphicsenv" value="sun.awt.Win32GraphicsEnvironment"/>
    <property name="user.variant" value=""/>
    <property name="PROCESSOR_REVISION" value="3c03"/>
    <property name="POM_VERSION" value="0.0.1-SNAPSHOT"/>
    <property name="VSEDEFLOGDIR" value="C:\ProgramData\McAfee\DesktopProtection"/>
    <property name="HUDSON_HOME" value="C:\Users\mimran7.ASIAPAC\.jenkins"/>
    <property name="PATH+MAVEN" value="C:\Users\mimran7.ASIAPAC\.jenkins\tools\hudson.tasks.Maven_MavenInstallation\MAVEN_HOME/bin"/>
    <property name="PROMPT" value="$P$G"/>
    <property name="java.vm.specification.version" value="1.7"/>
    <property name="JAVA_HOME" value="C:\Program Files\Java\jdk1.7.0_75"/>
    <property name="awt.toolkit" value="sun.awt.windows.WToolkit"/>
    <property name="NODE_LABELS" value="master"/>
    <property name="sun.cpu.isalist" value="pentium_pro+mmx pentium_pro pentium+mmx pentium i486 i386 i86"/>
    <property name="USERPROFILE" value="C:\Users\mimran7.ASIAPAC"/>
    <property name="java.ext.dirs" value="C:\Program Files\Java\jdk1.7.0_75\jre\lib\ext;C:\Windows\Sun\Java\lib\ext"/>
    <property name="os.version" value="6.1"/>
    <property name="user.home" value="C:\Users\mimran7.ASIAPAC"/>
    <property name="USERNAME" value="mimran7"/>
    <property name="java.vm.vendor" value="Oracle Corporation"/>
    <property name="PROCESSOR_LEVEL" value="6"/>
    <property name="USERDNSDOMAIN" value="ASIAPAC.GLOBALCSC.NET"/>
    <property name="user.dir" value="D:\Selenium\Excel_testdata"/>
    <property name="TMP" value="C:\Users\MIMRAN~1.ASI\AppData\Local\Temp"/>
    <property name="sun.cpu.endian" value="little"/>
    <property name="SystemDrive" value="C:"/>
    <property name="java.vm.version" value="24.75-b04"/>
    <property name="java.class.path" value="C:\Users\mimran7.ASIAPAC\.jenkins\plugins\maven-plugin\WEB-INF\lib\maven31-agent-1.5.jar;C:\Users\mimran7.ASIAPAC\.jenkins\tools\hudson.tasks.Maven_MavenInstallation\MAVEN_HOME\boot\plexus-classworlds-2.5.2.jar;C:\Users\mimran7.ASIAPAC\.jenkins\tools\hudson.tasks.Maven_MavenInstallation\MAVEN_HOME/conf/logging"/>
    <property name="org.slf4j.simpleLogger.defaultLogLevel" value="info"/>
    <property name="ANSICON_DEF" value="7"/>
    <property name="os.arch" value="x86"/>
    <property name="WORKSPACE" value="C:\Users\mimran7.ASIAPAC\.jenkins\jobs\cucumberframework\workspace"/>
    <property name="ComSpec" value="C:\Windows\system32\cmd.exe"/>
    <property name="sun.java.launcher" value="SUN_STANDARD"/>
    <property name="SystemRoot" value="C:\Windows"/>
    <property name="SOEDataPartition" value="C:"/>
    <property name="CommonProgramFiles" value="C:\Program Files\Common Files"/>
    <property name="java.vm.specification.vendor" value="Oracle Corporation"/>
    <property name="file.separator" value="\"/>
    <property name="java.runtime.version" value="1.7.0_75-b13"/>
    <property name="ProgramFiles" value="C:\Program Files"/>
    <property name="sun.boot.class.path" value="C:\Program Files\Java\jdk1.7.0_75\jre\lib\resources.jar;C:\Program Files\Java\jdk1.7.0_75\jre\lib\rt.jar;C:\Program Files\Java\jdk1.7.0_75\jre\lib\sunrsasign.jar;C:\Program Files\Java\jdk1.7.0_75\jre\lib\jsse.jar;C:\Program Files\Java\jdk1.7.0_75\jre\lib\jce.jar;C:\Program Files\Java\jdk1.7.0_75\jre\lib\charsets.jar;C:\Program Files\Java\jdk1.7.0_75\jre\lib\jfr.jar;C:\Program Files\Java\jdk1.7.0_75\jre\classes"/>
    <property name="PATH+JDK" value="C:\Program Files\Java\jdk1.7.0_75/bin"/>
    <property name="=ExitCode" value="00000000"/>
    <property name="user.country" value="US"/>
    <property name="POM_PACKAGING" value="jar"/>
    <property name="maven.home" value="C:\Users\mimran7.ASIAPAC\.jenkins\tools\hudson.tasks.Maven_MavenInstallation\MAVEN_HOME"/>
    <property name="JOB_BASE_NAME" value="cucumberframework"/>
    <property name="java.vendor" value="Oracle Corporation"/>
    <property name="SecSpecialMode" value="710916"/>
    <property name="POM_DISPLAYNAME" value="Excel_testdata"/>
    <property name="java.specification.version" value="1.7"/>
    <property name="sun.arch.data.model" value="32"/>
  </properties>
</testsuite>